2012-11-16 18:37:05,608 - [INFO] - from play in main 
Listening for HTTP on port 9000...

2012-11-16 18:37:24,637 - [ERROR] - from net.sf.ehcache.Cache in play-akka.actor.default-dispatcher-3 
Unable to set localhost. This prevents creation of a GUID. Cause was: haukur-lap: haukur-lap: Name or service not known
java.net.UnknownHostException: haukur-lap: haukur-lap: Name or service not known
	at java.net.InetAddress.getLocalHost(Unknown Source) ~[na:1.7.0_07]
	at net.sf.ehcache.Cache.<clinit>(Cache.java:217) ~[ehcache-core.jar:na]
	at net.sf.ehcache.config.ConfigurationHelper.createCache(ConfigurationHelper.java:303) [ehcache-core.jar:na]
	at net.sf.ehcache.config.ConfigurationHelper.createDefaultCache(ConfigurationHelper.java:219) [ehcache-core.jar:na]
	at net.sf.ehcache.CacheManager.configure(CacheManager.java:651) [ehcache-core.jar:na]
	at net.sf.ehcache.CacheManager.doInit(CacheManager.java:410) [ehcache-core.jar:na]
	at net.sf.ehcache.CacheManager.init(CacheManager.java:352) [ehcache-core.jar:na]
	at net.sf.ehcache.CacheManager.<init>(CacheManager.java:237) [ehcache-core.jar:na]
	at net.sf.ehcache.CacheManager.create(CacheManager.java:856) [ehcache-core.jar:na]
	at net.sf.ehcache.CacheManager.create(CacheManager.java:743) [ehcache-core.jar:na]
	at play.api.cache.EhCachePlugin.x$3(Cache.scala:110) [play_2.9.1.jar:2.0.4]
	at play.api.cache.EhCachePlugin.cache(Cache.scala:109) [play_2.9.1.jar:2.0.4]
	at play.api.cache.EhCachePlugin.onStart(Cache.scala:127) [play_2.9.1.jar:2.0.4]
	at play.api.Play$$anonfun$start$1.apply(Play.scala:60) [play_2.9.1.jar:2.0.4]
	at play.api.Play$$anonfun$start$1.apply(Play.scala:60) [play_2.9.1.jar:2.0.4]
	at scala.collection.LinearSeqOptimized$class.foreach(LinearSeqOptimized.scala:59) [scala-library.jar:0.11.3]
	at scala.collection.immutable.List.foreach(List.scala:45) [scala-library.jar:0.11.3]
	at play.api.Play$.start(Play.scala:60) [play_2.9.1.jar:2.0.4]
	at play.core.ReloadableApplication$$anonfun$get$1$$anonfun$apply$3$$anonfun$1.apply(ApplicationProvider.scala:125) [play_2.9.1.jar:2.0.4]
	at play.core.ReloadableApplication$$anonfun$get$1$$anonfun$apply$3$$anonfun$1.apply(ApplicationProvider.scala:112) [play_2.9.1.jar:2.0.4]
	at scala.Option.map(Option.scala:133) [scala-library.jar:0.11.3]
	at play.core.ReloadableApplication$$anonfun$get$1$$anonfun$apply$3.apply(ApplicationProvider.scala:112) [play_2.9.1.jar:2.0.4]
	at play.core.ReloadableApplication$$anonfun$get$1$$anonfun$apply$3.apply(ApplicationProvider.scala:110) [play_2.9.1.jar:2.0.4]
	at scala.Either$RightProjection.flatMap(Either.scala:277) [scala-library.jar:0.11.3]
	at play.core.ReloadableApplication$$anonfun$get$1.apply(ApplicationProvider.scala:110) [play_2.9.1.jar:2.0.4]
	at play.core.ReloadableApplication$$anonfun$get$1.apply(ApplicationProvider.scala:110) [play_2.9.1.jar:2.0.4]
	at akka.dispatch.Future$$anon$3.liftedTree1$1(Future.scala:195) [akka-actor.jar:2.0.2]
	at akka.dispatch.Future$$anon$3.run(Future.scala:194) [akka-actor.jar:2.0.2]
	at akka.dispatch.TaskInvocation.run(AbstractDispatcher.scala:94) [akka-actor.jar:2.0.2]
	at akka.jsr166y.ForkJoinTask$AdaptedRunnableAction.exec(ForkJoinTask.java:1381) [akka-actor.jar:2.0.2]
	at akka.jsr166y.ForkJoinTask.doExec(ForkJoinTask.java:259) [akka-actor.jar:2.0.2]
	at akka.jsr166y.ForkJoinPool$WorkQueue.runTask(ForkJoinPool.java:975) [akka-actor.jar:2.0.2]
	at akka.jsr166y.ForkJoinPool.runWorker(ForkJoinPool.java:1479) [akka-actor.jar:2.0.2]
	at akka.jsr166y.ForkJoinWorkerThread.run(ForkJoinWorkerThread.java:104) [akka-actor.jar:2.0.2]
Caused by: java.net.UnknownHostException: haukur-lap: Name or service not known
	at java.net.Inet6AddressImpl.lookupAllHostAddr(Native Method) ~[na:1.7.0_07]
	at java.net.InetAddress$1.lookupAllHostAddr(Unknown Source) ~[na:1.7.0_07]
	at java.net.InetAddress.getAddressesFromNameService(Unknown Source) ~[na:1.7.0_07]
	... 34 common frames omitted

2012-11-16 18:37:24,668 - [INFO] - from play in play-akka.actor.default-dispatcher-3 
Application started (Dev)

